500	54.74	-128.2
503.71745	54.88	-128.3
507.46253	55.05	-128.5
511.23546	55.24	-128.8
515.03644	55.44	-129
518.86568	55.65	-129.3
522.72339	55.86	-129.6
526.60978	56.07	-129.9
530.52507	56.28	-130.2
534.46946	56.49	-130.5
538.44318	56.7	-130.8
542.44645	56.91	-131.2
546.47948	57.12	-131.5
550.5425	57.32	-131.8
554.63572	57.52	-132.2
558.75938	57.72	-132.6
562.91369	57.92	-132.9
567.09889	58.12	-133.3
571.31521	58.31	-133.7
575.56288	58.5	-134.1
579.84212	58.69	-134.5
584.15319	58.88	-134.9
588.4963	59.06	-135.2
592.87171	59.25	-135.6
597.27965	59.43	-136
601.72035	59.61	-136.4
606.19408	59.78	-136.8
610.70107	59.96	-137.2
615.24156	60.13	-137.6
619.81582	60.3	-138
624.42408	60.47	-138.4
629.0666	60.63	-138.7
633.74365	60.8	-139.1
638.45546	60.96	-139.5
643.20231	61.12	-139.9
647.98445	61.28	-140.2
652.80214	61.44	-140.6
657.65565	61.59	-140.9
662.54525	61.75	-141.2
667.4712	61.9	-141.6
672.43378	62.06	-141.9
677.43325	62.21	-142.2
682.46989	62.36	-142.5
687.54398	62.51	-142.8
692.6558	62.66	-143
697.80562	62.81	-143.3
702.99373	62.96	-143.5
708.22041	63.12	-143.8
713.48595	63.27	-144
718.79064	63.42	-144.2
724.13477	63.57	-144.4
729.51863	63.73	-144.6
734.94252	63.89	-144.8
740.40674	64.04	-145
745.91159	64.21	-145.2
751.45736	64.37	-145.4
757.04436	64.53	-145.6
762.6729	64.7	-145.8
768.34329	64.87	-145.9
774.05584	65.04	-146.1
779.81086	65.21	-146.3
785.60867	65.38	-146.5
791.44959	65.56	-146.7
797.33393	65.74	-147
803.26202	65.92	-147.2
809.23418	66.1	-147.4
815.25075	66.28	-147.7
821.31205	66.47	-148
827.41842	66.65	-148.3
833.57018	66.84	-148.6
839.76769	67.03	-148.9
846.01127	67.21	-149.3
852.30127	67.4	-149.6
858.63804	67.58	-150
865.02192	67.77	-150.4
871.45326	67.95	-150.8
877.93242	68.13	-151.3
884.45975	68.31	-151.7
891.03561	68.49	-152.2
897.66037	68.66	-152.7
904.33437	68.84	-153.2
911.058	69.01	-153.7
917.83162	69.18	-154.2
924.6556	69.34	-154.7
931.53031	69.5	-155.2
938.45614	69.66	-155.7
945.43346	69.82	-156.2
952.46265	69.98	-156.7
959.54411	70.13	-157.2
966.67821	70.28	-157.7
973.86536	70.43	-158.2
981.10594	70.58	-158.6
988.40036	70.72	-159.1
995.74901	70.87	-159.5
1003.1523	71.01	-159.9
1010.6106	71.16	-160.3
1018.1244	71.3	-160.7
1025.694	71.45	-161
1033.32	71.6	-161.4
1041.0026	71.75	-161.7
1048.7423	71.9	-162
1056.5396	72.05	-162.3
1064.3949	72.21	-162.6
1072.3085	72.37	-162.9
1080.281	72.53	-163.2
1088.3128	72.69	-163.5
1096.4043	72.86	-163.7
1104.5559	73.03	-164
1112.7682	73.21	-164.3
1121.0415	73.38	-164.6
1129.3763	73.56	-164.9
1137.7731	73.74	-165.3
1146.2323	73.92	-165.6
1154.7544	74.1	-166
1163.3399	74.28	-166.3
1171.9892	74.46	-166.7
1180.7028	74.64	-167.1
1189.4812	74.82	-167.5
1198.3249	75	-168
1207.2343	75.18	-168.4
1216.21	75.36	-168.8
1225.2524	75.54	-169.2
1234.362	75.72	-169.6
1243.5393	75.89	-170
1252.7849	76.07	-170.4
1262.0992	76.25	-170.8
1271.4828	76.43	-171.2
1280.9361	76.61	-171.5
1290.4597	76.8	-171.8
1300.0542	76.99	-172.2
1309.7199	77.18	-172.5
1319.4576	77.38	-172.9
1329.2676	77.59	-173.2
1339.1505	77.8	-173.6
1349.107	78.02	-173.9
1359.1374	78.24	-174.3
1369.2425	78.47	-174.8
1379.4226	78.71	-175.3
1389.6785	78.95	-175.8
1400.0106	79.19	-176.4
1410.4195	79.44	-177.1
1420.9059	79.69	-177.8
1431.4701	79.94	-178.6
1442.113	80.19	-179.5
1452.8349	80.44	179.6
1463.6366	80.68	178.5
1474.5186	80.91	177.4
1485.4814	81.14	176.3
1496.5258	81.36	175
1507.6523	81.57	173.7
1518.8616	81.78	172.4
1530.1541	81.97	171.1
1541.5307	82.14	169.7
1552.9918	82.31	168.3
1564.5381	82.47	166.9
1576.1703	82.61	165.5
1587.8889	82.74	164.1
1599.6947	82.87	162.7
1611.5883	82.98	161.3
1623.5703	83.09	160
1635.6413	83.18	158.7
1647.8021	83.27	157.5
1660.0534	83.36	156.3
1672.3957	83.45	155.2
1684.8298	83.53	154.1
1697.3563	83.61	153.1
1709.9759	83.69	152
1722.6894	83.78	151.1
1735.4974	83.87	150.1
1748.4007	83.96	149.1
1761.3998	84.05	148.2
1774.4957	84.14	147.2
1787.6888	84.24	146.2
1800.9801	84.33	145.2
1814.3702	84.43	144.2
1827.8598	84.52	143.2
1841.4498	84.6	142.1
1855.1408	84.69	141.1
1868.9335	84.76	140.1
1882.8289	84.84	139
1896.8275	84.9	138
1910.9302	84.97	137.1
1925.1377	85.03	136.1
1939.4509	85.08	135.2
1953.8705	85.14	134.4
1968.3974	85.2	133.5
1983.0322	85.27	132.7
1997.7758	85.33	132
2012.629	85.41	131.2
2027.5927	85.48	130.5
2042.6677	85.57	129.7
2057.8547	85.66	128.9
2073.1546	85.75	128
2088.5683	85.84	127.1
2104.0965	85.93	126.2
2119.7403	86.01	125.2
2135.5003	86.08	124.2
2151.3775	86.15	123.2
2167.3728	86.2	122.1
2183.487	86.24	121.1
2199.721	86.27	120.1
2216.0756	86.3	119.2
2232.5519	86.31	118.3
2249.1507	86.32	117.6
2265.8729	86.33	116.9
2282.7194	86.35	116.3
2299.6912	86.37	115.9
2316.7891	86.4	115.4
2334.0142	86.45	115
2351.3673	86.51	114.6
2368.8495	86.58	114.2
2386.4616	86.67	113.8
2404.2047	86.76	113.2
2422.0797	86.86	112.7
2440.0876	86.95	112
2458.2294	87.05	111.2
2476.5061	87.14	110.4
2494.9186	87.22	109.6
2513.4681	87.29	108.8
2532.1554	87.35	107.9
2550.9817	87.4	107.1
2569.948	87.45	106.3
2589.0553	87.49	105.5
2608.3046	87.53	104.8
2627.6971	87.57	104.2
2647.2337	87.62	103.5
2666.9156	87.67	103
2686.7439	87.73	102.4
2706.7195	87.8	101.8
2726.8437	87.87	101.3
2747.1175	87.95	100.6
2767.542	88.04	100
2788.1184	88.12	99.3
2808.8477	88.2	98.6
2829.7312	88.29	97.9
2850.7699	88.38	97.2
2871.9651	88.47	96.5
2893.3178	88.57	95.7
2914.8293	88.68	94.9
2936.5008	88.79	94.1
2958.3333	88.92	93.2
2980.3282	89.05	92.2
3002.4866	89.19	91
3024.8098	89.32	89.7
3047.2989	89.44	88.2
3069.9553	89.54	86.5
3092.7801	89.62	84.6
3115.7745	89.66	82.7
3138.94	89.66	80.7
3162.2777	89.63	78.7
3185.7888	89.55	76.7
3209.4748	89.44	75
3233.3369	89.3	73.3
3257.3764	89.13	71.9
3281.5947	88.95	70.8
3305.993	88.76	69.9
3330.5727	88.57	69.2
3355.3351	88.38	68.7
3380.2817	88.21	68.5
3405.4137	88.05	68.4
3430.7326	87.92	68.5
3456.2397	87.8	68.8
3481.9365	87.72	69.1
3507.8243	87.66	69.5
3533.9046	87.65	69.9
3560.1788	87.67	70.3
3586.6483	87.72	70.6
3613.3147	87.81	70.6
3640.1793	87.92	70.4
3667.2436	88.03	69.9
3694.5092	88.12	69.1
3721.9774	88.19	67.9
3749.6499	88.21	66.7
3777.5282	88.17	65.3
3805.6137	88.08	64.1
3833.908	87.95	63.2
3862.4127	87.8	62.6
3891.1293	87.64	62.3
3920.0594	87.52	62.4
3949.2046	87.43	62.7
3978.5665	87.39	62.9
4008.1467	87.38	63
4037.9469	87.37	62.8
4067.9686	87.34	62.6
4098.2135	87.27	62.3
4128.6833	87.17	62.3
4159.3796	87.06	62.6
4190.3041	86.97	63.3
4221.4586	86.94	64.3
4252.8446	86.97	65.4
4284.4641	87.07	66.3
4316.3186	87.2	67
4348.41	87.35	67.3
4380.7399	87.49	67.6
4413.3102	87.63	67.7
4446.1227	87.78	67.9
4479.1792	87.98	68
4512.4814	88.22	67.9
4546.0312	88.49	67.2
4579.8304	88.74	66
4613.881	88.95	64.3
4648.1847	89.07	62.2
4682.7434	89.1	60
4717.5591	89.04	57.9
4752.6336	88.93	56.3
4787.9689	88.78	55.1
4823.567	88.65	54.2
4859.4297	88.53	53.6
4895.559	88.42	53
4931.9569	88.33	52.5
4968.6255	88.21	52
5005.5667	88.09	51.7
5042.7825	87.96	51.6
5080.2751	87.86	51.9
5118.0464	87.79	52.3
5156.0985	87.76	52.7
5194.4335	87.77	53
5233.0536	87.8	53.1
5271.9607	87.82	53.2
5311.1572	87.82	53.3
5350.6451	87.84	53.5
5390.4265	87.88	53.8
5430.5038	87.97	54.1
5470.879	88.1	54.1
5511.5544	88.25	53.8
5552.5322	88.38	53
5593.8146	88.46	52
5635.404	88.49	51.1
5677.3027	88.49	50.3
5719.5128	88.49	49.7
5762.0367	88.51	49.2
5804.8768	88.54	48.6
5848.0355	88.57	47.7
5891.515	88.55	46.8
5935.3178	88.5	46
5979.4462	88.43	45.5
6023.9027	88.37	45.3
6068.6898	88.36	45.2
6113.8098	88.37	45.1
6159.2653	88.39	44.8
6205.0588	88.4	44.6
6251.1927	88.41	44.4
6297.6697	88.46	44.5
6344.4922	88.56	44.5
6391.6628	88.72	44.2
6439.1841	88.9	43.4
6487.0587	89.05	42.1
6535.2893	89.17	40.5
6583.8785	89.22	38.6
6632.8289	89.23	36.7
6682.1432	89.19	34.7
6731.8243	89.1	32.8
6781.8746	88.97	30.9
6832.2971	88.8	29.1
6883.0945	88.58	27.4
6934.2696	88.31	25.9
6985.8251	88.01	24.7
7037.764	87.68	23.8
7090.089	87.32	23.3
7142.803	86.91	23.1
7195.909	86.48	23.7
7249.4098	86.06	25.2
7303.3083	85.75	27.6
7357.6076	85.61	30.5
7412.3107	85.63	33.1
7467.4204	85.74	35.2
7522.9398	85.91	36.9
7578.8721	86.13	38.1
7635.2202	86.4	38.7
7691.9872	86.67	38.6
7749.1763	86.87	37.8
7806.7906	86.99	36.8
7864.8332	87.04	35.8
7923.3074	87.04	34.9
7982.2163	87.03	34.2
8041.5632	86.99	33.6
8101.3514	86.93	33.2
8161.584	86.87	33
8222.2645	86.83	32.9
8283.3961	86.8	32.7
8344.9823	86.76	32.5
8407.0263	86.68	32.4
8469.5316	86.59	32.6
8532.5017	86.53	33.2
8595.9399	86.55	33.9
8659.8498	86.62	34.4
8724.2348	86.71	34.6
8789.0986	86.81	34.6
8854.4446	86.91	34.3
8920.2764	86.99	33.8
8986.5977	87.03	33.2
9053.412	87.03	32.7
9120.7232	87.02	32.4
9188.5348	87.02	32.2
9256.8505	87.04	32.1
9325.6742	87.06	31.8
9395.0096	87.07	31.7
9464.8604	87.08	31.5
9535.2306	87.11	31.3
9606.124	87.12	31.1
9677.5445	87.14	30.9
9749.496	87.18	30.9
9821.9825	87.27	30.7
9895.0078	87.37	30.2
9968.5761	87.46	29.4
10042.691	87.52	28.4
10117.358	87.53	27.2
10192.579	87.48	26.1
10268.36	87.38	25.5
10344.704	87.3	25.3
10421.616	87.28	25.3
10499.099	87.32	25.4
10577.159	87.42	25.3
10655.799	87.56	24.7
10735.024	87.69	23.5
10814.837	87.76	21.8
10895.245	87.76	20
10976.25	87.69	18.1
11057.857	87.53	16.4
11140.071	87.33	15
11222.896	87.08	14.2
11306.337	86.82	13.9
11390.398	86.59	14.3
11475.085	86.45	15.1
11560.401	86.41	15.9
11646.351	86.45	16.5
11732.94	86.56	16.7
11820.174	86.68	16.3
11908.055	86.77	15.4
11996.59	86.83	14.2
12085.784	86.83	12.9
12175.64	86.76	11.5
12266.165	86.65	10.4
12357.362	86.51	9.7
12449.238	86.38	9.2
12541.797	86.26	8.9
12635.044	86.19	8.8
12728.984	86.16	8.5
12823.622	86.14	7.9
12918.965	86.11	7
13015.016	86.04	5.9
13111.781	85.9	4.7
13209.266	85.71	3.6
13307.475	85.47	2.9
13406.415	85.2	2.5
13506.09	84.93	2.6
13606.506	84.71	3.1
13707.669	84.56	3.8
13809.584	84.48	4.5
13912.257	84.45	5
14015.693	84.45	5
14119.898	84.44	4.7
14224.878	84.39	4.1
14330.638	84.29	3.5
14437.185	84.14	3
14544.524	83.98	2.7
14652.661	83.8	2.6
14761.602	83.61	2.6
14871.353	83.42	2.9
14981.92	83.24	3.5
15093.309	83.08	4.4
15205.526	82.96	5.5
15318.577	82.91	6.7
15432.469	82.92	7.7
15547.208	82.96	8.5
15662.8	83.02	9
15779.251	83.1	9.3
15896.568	83.18	9.4
16014.757	83.25	9.4
16133.825	83.3	9.2
16253.778	83.32	9.1
16374.623	83.32	9.1
16496.367	83.31	9.3
16619.016	83.34	9.9
16742.576	83.43	10.4
16867.055	83.6	10.8
16992.46	83.83	10.8
17118.797	84.08	10
17246.074	84.28	8.7
17374.296	84.4	6.9
17503.472	84.39	4.9
17633.609	84.27	3.3
17764.713	84.1	2.3
17896.791	83.94	2.2
18029.852	83.89	2.5
18163.902	83.98	2.8
18298.949	84.15	2.5
18434.999	84.34	1.4
18572.062	84.45	-0.5
18710.143	84.47	-2.6
18849.251	84.4	-4.5
18989.393	84.29	-6.2
19130.577	84.17	-7.5
19272.811	84.06	-8.5
19416.102	83.98	-9.3
19560.459	83.93	-10.1
19705.888	83.9	-10.7
19852.4	83.9	-11.3
20000	83.9	-11.6
