19.86599	60.94	131.5
20.19895	61.34	131
20.53749	61.74	130.5
20.8817	62.17	129.9
21.23169	62.59	129.3
21.58753	63	128.8
21.94935	63.38	128.2
22.31722	63.75	127.6
22.69126	64.08	127
23.07158	64.32	126.4
23.45826	64.38	125.8
23.85143	64.24	125.2
24.25118	63.96	124.6
24.65764	63.71	124
25.07091	63.65	123.5
25.4911	63.75	122.9
25.91834	63.99	122.3
26.35274	64.31	121.7
26.79441	64.71	121.1
27.2435	65.15	120.5
27.7001	65.55	119.9
28.16436	65.86	119.3
28.63641	66.09	118.7
29.11636	66.3	118.2
29.60436	66.53	117.6
30.10053	66.8	117
30.60502	67.13	116.4
31.11797	67.55	115.8
31.63952	68.03	115.2
32.1698	68.48	114.6
32.70898	68.83	114
33.25719	69.13	113.4
33.81459	69.46	112.8
34.38133	69.84	112.2
34.95757	70.26	111.6
35.54346	70.67	111
36.13918	71.04	110.4
36.74488	71.36	109.8
37.36074	71.63	109.3
37.98691	71.86	108.7
38.62358	72.08	108.1
39.27092	72.31	107.5
39.92911	72.54	106.9
40.59833	72.74	106.3
41.27877	72.85	105.7
41.97061	72.89	105.2
42.67405	72.93	104.6
43.38928	72.98	104
44.11649	72.94	103.4
44.8559	72.75	102.8
45.60769	72.71	102.3
46.37209	72.83	101.7
47.1493	72.97	101.1
47.93953	73.03	100.5
48.74301	73.15	99.9
49.55995	73.39	99.3
50.39059	73.67	98.8
51.23515	73.95	98.2
52.09386	74.27	97.6
52.96697	74.61	97
53.85471	74.9	96.4
54.75733	75.11	95.8
55.67507	75.33	95.3
56.6082	75.63	94.7
57.55697	75.93	94.1
58.52164	76.01	93.5
59.50247	76	92.9
60.49975	76.2	92.4
61.51374	76.75	91.8
62.54472	77.16	91.2
63.59299	77.39	90.6
64.65882	77.48	90
65.74252	77.44	89.4
66.84438	77.21	88.8
67.96471	76.89	88.2
69.10382	76.52	87.6
70.26201	76.14	87.1
71.43962	75.79	86.5
72.63697	75.57	85.9
73.85438	75.6	85.3
75.0922	75.9	84.7
76.35076	76.25	84.1
77.63042	76.52	83.5
78.93152	76.72	82.9
80.25443	76.9	82.3
81.59952	77.05	81.7
82.96715	77.16	81.1
84.3577	77.29	80.5
85.77155	77.42	79.8
87.2091	77.53	79.2
88.67075	77.6	78.6
90.15689	77.71	78
91.66795	77.98	77.4
93.20432	78.33	76.7
94.76645	78.65	76.1
96.35476	78.96	75.4
97.96969	79.23	74.8
99.61168	79.42	74.2
101.2812	79.49	73.6
102.9787	79.47	72.9
104.70465	79.41	72.2
106.45952	79.36	71.6
108.24381	79.4	70.9
110.058	79.53	70.2
111.9026	79.75	69.6
113.77812	79.98	68.9
115.68507	80.19	68.2
117.62398	80.4	67.5
119.59538	80.62	66.9
121.59983	80.66	66.2
123.63787	80.6	65.5
125.71007	80.58	64.8
127.81701	80.57	64.1
129.95925	80.56	63.4
132.1374	80.59	62.6
134.35205	80.7	61.9
136.60383	80.88	61.2
138.89334	81.03	60.5
141.22123	81.08	59.8
143.58813	81.06	59
145.9947	81.08	58.3
148.44161	81.2	57.5
150.92953	81.35	56.8
153.45914	81.48	56
156.03116	81.57	55.3
158.64628	81.63	54.5
161.30523	81.63	53.8
164.00874	81.58	53
166.75757	81.51	52.2
169.55247	81.5	51.4
172.39421	81.6	50.6
175.28358	81.75	49.8
178.22137	81.84	49.1
181.2084	81.86	48.3
184.2455	81.88	47.5
187.3335	81.94	46.7
190.47326	82.05	45.9
193.66564	82.18	45.1
196.91152	82.24	44.2
200.2118	82.25	43.4
203.5674	82.27	42.6
206.97924	82.28	41.8
210.44827	82.31	41
213.97543	82.36	40.1
217.56171	82.41	39.3
221.2081	82.42	38.5
224.9156	82.42	37.7
228.68524	82.44	36.9
232.51806	82.44	36.1
236.41512	82.44	35.3
240.3775	82.44	34.4
244.40628	82.43	33.6
248.50259	82.43	32.8
252.66756	82.43	32
256.90233	82.43	31.2
261.20807	82.42	30.4
265.58598	82.41	29.7
270.03727	82.4	28.9
274.56316	82.39	28.1
279.16491	82.37	27.4
283.84378	82.36	26.7
288.60107	82.37	26
293.43809	82.37	25.2
298.35619	82.38	24.5
303.35671	82.39	23.8
308.44104	82.38	23.2
313.61059	82.38	22.5
318.86678	82.39	21.9
324.21107	82.4	21.3
329.64492	82.39	20.6
335.16985	82.36	20.1
340.78738	82.33	19.5
346.49906	82.3	19
352.30647	82.28	18.5
358.21121	82.24	18
364.21492	82.21	17.5
370.31925	82.19	17
376.5259	82.22	16.6
382.83656	82.35	16.2
389.253	82.48	15.8
395.77697	82.49	15.4
402.41029	82.41	15.1
409.15479	82.34	14.8
416.01232	82.26	14.5
422.98479	82.18	14.2
430.07412	82.12	13.9
437.28226	82.07	13.6
444.61122	82.03	13.4
452.06302	81.99	13.2
459.6397	81.95	13.1
467.34338	81.9	13
475.17617	81.85	12.8
483.14023	81.79	12.7
491.23778	81.73	12.6
499.47105	81.69	12.4
507.84231	81.65	12.3
516.35387	81.63	12.1
525.00808	81.61	11.9
533.80735	81.6	11.6
542.75409	81.59	11.3
551.85078	81.58	11.1
561.09994	81.58	10.7
570.50411	81.58	10.4
580.0659	81.57	10.1
589.78794	81.57	9.7
599.67293	81.58	9.3
609.7236	81.59	8.9
619.94272	81.6	8.4
630.33311	81.61	8
640.89765	81.62	7.5
651.63925	81.63	6.9
662.56088	81.62	6.3
673.66556	81.62	5.6
684.95636	81.6	5
696.4364	81.57	4.4
708.10884	81.53	3.7
719.97692	81.49	3.2
732.04391	81.43	2.6
744.31315	81.37	2.1
756.78802	81.3	1.7
769.47197	81.23	1.3
782.36851	81.16	1.1
795.4812	81.08	0.9
808.81366	81.02	0.8
822.36957	80.96	0.8
836.15269	80.91	0.8
850.16681	80.88	0.9
864.41582	80.85	1
878.90364	80.84	1.1
893.63428	80.84	1.2
908.61181	80.84	1.2
923.84036	80.85	1.2
939.32415	80.87	1.1
955.06746	80.88	1
971.07462	80.89	0.9
987.35007	80.9	0.7
1003.8983	80.9	0.6
1020.7239	80.9	0.4
1037.8315	80.9	0.3
1055.2258	80.91	0.3
1072.9116	80.93	0.2
1090.8939	80.95	0.2
1109.1775	80.99	0.2
1127.7676	81.04	0.1
1146.6693	81.1	-0.2
1165.8877	81.16	-0.5
1185.4283	81.22	-1
1205.2964	81.27	-1.6
1225.4974	81.3	-2.3
1246.0371	81.3	-3.1
1266.9209	81.28	-4
1288.1549	81.22	-4.8
1309.7446	81.12	-5.4
1331.6963	81	-5.9
1354.0158	80.87	-6
1376.7095	80.73	-5.8
1399.7835	80.61	-5.3
1423.2442	80.54	-4.4
1447.0981	80.53	-3.4
1471.3518	80.59	-2.4
1496.012	80.72	-1.6
1521.0856	80.89	-1.1
1546.5793	81.09	-0.9
1572.5004	81.28	-1.2
1598.8559	81.46	-1.8
1625.6531	81.6	-2.6
1652.8994	81.71	-3.4
1680.6024	81.8	-4.3
1708.7697	81.89	-5.1
1737.4091	81.99	-5.9
1766.5285	82.11	-6.8
1796.136	82.22	-8
1826.2397	82.32	-9.5
1856.8479	82.37	-11.2
1887.9691	82.35	-13.1
1919.612	82.26	-14.8
1951.7851	82.12	-16.2
1984.4975	81.96	-17
2017.7582	81.85	-17.5
2051.5763	81.79	-17.8
2085.9612	81.78	-18.4
2120.9224	81.76	-19.4
2156.4696	81.69	-20.8
2192.6126	81.51	-22
2229.3613	81.25	-22.8
2266.7259	80.97	-22.6
2304.7168	80.77	-21.6
2343.3444	80.71	-20.3
2382.6195	80.76	-19.3
2422.5528	80.86	-18.8
2463.1553	80.93	-18.8
2504.4384	80.95	-18.7
2546.4134	80.99	-18.3
2589.0919	81.1	-17.5
2632.4858	81.33	-17
2676.6069	81.63	-17.1
2721.4674	81.93	-18
2767.0799	82.17	-19.4
2813.4568	82.37	-21
2860.6111	82.53	-22.6
2908.5556	82.71	-24.3
2957.3037	82.9	-26.3
3006.8689	83.07	-28.9
3057.2647	83.15	-32.1
3108.5052	83.1	-35.4
3160.6045	82.93	-38.5
3213.577	82.68	-41.1
3267.4374	82.38	-43
3322.2004	82.09	-44.5
3377.8813	81.81	-45.4
3434.4954	81.55	-46
3492.0584	81.37	-46.1
3550.5862	81.27	-46.4
3610.0949	81.22	-47
3670.6009	81.13	-48.2
3732.1211	80.98	-49.3
3794.6724	80.78	-50.1
3858.272	80.56	-50.4
3922.9376	80.4	-50.3
3988.687	80.32	-50
4055.5384	80.32	-49.9
4123.5102	80.31	-50.2
4192.6212	80.29	-50.4
4262.8906	80.31	-50.5
4334.3377	80.41	-50.9
4406.9822	80.5	-51.8
4480.8443	80.55	-53.1
4555.9444	80.56	-54.3
4632.3031	80.56	-55.7
4709.9417	80.51	-57
4788.8814	80.44	-58.1
4869.1443	80.39	-59
4950.7523	80.33	-59.9
5033.7281	80.28	-60.2
5118.0947	80.38	-60
5203.8752	80.68	-60.9
5291.0934	80.97	-63.6
5379.7734	81.02	-67.4
5469.9397	80.84	-70.5
5561.6173	80.65	-72.6
5654.8313	80.51	-74.3
5749.6077	80.4	-76
5845.9725	80.35	-77.7
5943.9525	80.27	-79.8
6043.5746	80.14	-81.8
6144.8664	80.03	-83.8
6247.8558	79.79	-86.1
6352.5714	79.45	-87
6459.0421	79.35	-86.8
6567.2972	79.46	-87.6
6677.3667	79.51	-89.7
6789.281	79.45	-91.9
6903.071	79.33	-93.4
7018.7682	79.34	-94.1
7136.4045	79.52	-95.5
7256.0123	79.69	-97.8
7377.6249	79.91	-100.3
7501.2757	80.2	-104.2
7626.9989	80.37	-109.3
7754.8293	80.42	-115.1
7884.8021	80.29	-121.9
8016.9533	79.83	-128.8
8151.3194	79.06	-134.5
8287.9375	78.12	-138.2
8426.8454	77.16	-139.4
8568.0814	76.47	-138.2
8711.6845	76.29	-136.6
8857.6945	76.43	-137.5
9006.1516	76.51	-141.2
9157.0969	76.33	-146.3
9310.5721	75.79	-151.4
9466.6196	75.06	-154.5
9625.2825	74.48	-156
9786.6046	74.04	-157.5
9950.6305	73.66	-159.4
10117.405	73.21	-162.2
10286.976	72.57	-164.2
10459.388	72.09	-164.9
10634.69	71.82	-166
10812.93	71.67	-168.3
10994.157	71.38	-173
11178.422	70.56	-177.4
11365.775	69.55	-179.2
11556.268	68.64	-177.8
11749.954	68.42	-174.7
11946.886	68.63	-175.5
12147.119	68.56	-140.7
12350.708	67.95	175.4
12557.708	66.91	173.5
12768.179	66.12	175.1
12982.177	65.82	177.5
13199.761	65.79	177.6
13420.992	65.54	175.2
13645.931	64.76	172.9
13874.641	63.71	175.6
14107.183	63.33	-176.2
14343.623	64.21	-170.1
14584.025	64.82	-165.4
14828.457	66.96	-161.3
15076.986	69.62	-169.9
15329.68	71.66	173.4
15586.609	72.31	149.4
15847.844	71.37	125.1
16113.458	68.95	107.1
16383.524	65.97	99.5
16658.115	63.85	101.5
16937.31	63.09	103.8
17221.183	62.71	102.3
17509.814	62.77	97.3
17803.283	62.31	87.7
18101.67	61.45	79.3
18405.059	60.52	69.4
18713.532	58.84	57.8
19027.176	56.06	52.6
19346.076	53.97	57.1
19670.321	53.32	56.8
20000	52.84	54.4
